<?xml version="1.0" encoding="UTF-8"?>
<!-- Generated by org.testng.reporters.JUnitReportReporter -->
<testsuite hostname="DESKTOP-UDQRS1F" failures="0" tests="1" name="SoftwareTest.PracticeProject.tests.ErrorValidation" time="3.050" errors="0" timestamp="2024-12-22T18:10:41 IST" skipped="0">
  <testcase classname="SoftwareTest.PracticeProject.tests.ErrorValidation" name="submitOrder" time="3.050"/>
</testsuite> <!-- SoftwareTest.PracticeProject.tests.ErrorValidation -->
