<?xml version="1.0" encoding="UTF-8"?>
<!-- Generated by org.testng.reporters.JUnitReportReporter -->
<testsuite hostname="DESKTOP-UDQRS1F" failures="0" tests="2" name="SoftwareTest.PracticeProject.tests.LoginErrorValidation" time="12.071" errors="0" timestamp="2025-01-04T15:11:25 IST" skipped="0">
  <testcase classname="SoftwareTest.PracticeProject.tests.LoginErrorValidation" name="submitOrder" time="4.806"/>
  <system-out/>
  <testcase classname="SoftwareTest.PracticeProject.tests.LoginErrorValidation" name="ProductErrorValidation" time="7.265"/>
  <system-out/>
</testsuite> <!-- SoftwareTest.PracticeProject.tests.LoginErrorValidation -->
