<?xml version="1.0" encoding="UTF-8"?>
<!-- Generated by org.testng.reporters.JUnitReportReporter -->
<testsuite hostname="DESKTOP-UDQRS1F" failures="0" tests="1" name="SoftwareTest.PracticeProject.StandAloneTest" time="6.115" errors="0" timestamp="2024-12-22T14:15:06 IST" skipped="0">
  <testcase classname="SoftwareTest.PracticeProject.StandAloneTest" name="submitOrder" time="6.115"/>
</testsuite> <!-- SoftwareTest.PracticeProject.StandAloneTest -->
