<?xml version="1.0" encoding="UTF-8"?>
<!-- Generated by org.testng.reporters.JUnitReportReporter -->
<testsuite hostname="DESKTOP-UDQRS1F" failures="0" tests="1" name="SoftwareTest.PracticeProject.allTestcases" time="15.203" errors="0" timestamp="2024-12-21T21:34:25 IST" skipped="0">
  <testcase classname="SoftwareTest.PracticeProject.allTestcases" name="SubMitOrder" time="15.203"/>
</testsuite> <!-- SoftwareTest.PracticeProject.allTestcases -->
