<?xml version="1.0" encoding="UTF-8"?>
<!-- Generated by org.testng.reporters.JUnitReportReporter -->
<testsuite hostname="DESKTOP-UDQRS1F" failures="0" tests="1" name="ExtentReports.ExtentReportDemo" time="3.572" errors="0" timestamp="2024-12-29T14:46:31 IST" skipped="0">
  <testcase classname="ExtentReports.ExtentReportDemo" name="initializeBrowser" time="3.572"/>
</testsuite> <!-- ExtentReports.ExtentReportDemo -->
