<?xml version="1.0" encoding="UTF-8"?>
<!-- Generated by org.testng.reporters.JUnitReportReporter -->
<testsuite hostname="DESKTOP-UDQRS1F" failures="0" tests="1" name="SoftwareTest.PracticeProject.StandAloneTest" time="0.004" errors="0" timestamp="2024-12-20T17:01:35 IST" skipped="0">
  <testcase classname="SoftwareTest.PracticeProject.StandAloneTest" name="SubMitOrder" time="0.004"/>
</testsuite> <!-- SoftwareTest.PracticeProject.StandAloneTest -->
