<?xml version="1.0" encoding="UTF-8"?>
<!-- Generated by org.testng.reporters.JUnitReportReporter -->
<testsuite hostname="DESKTOP-UDQRS1F" failures="0" tests="2" name="SoftwareTest.PracticeProject.tests.LoginErrorValidation" time="15.476" errors="0" timestamp="2025-01-04T11:35:33 IST" skipped="0">
  <testcase classname="SoftwareTest.PracticeProject.tests.LoginErrorValidation" name="submitOrder" time="6.788"/>
  <testcase classname="SoftwareTest.PracticeProject.tests.LoginErrorValidation" name="ProductErrorValidation" time="8.688"/>
</testsuite> <!-- SoftwareTest.PracticeProject.tests.LoginErrorValidation -->
